[HTTP] Binding to address: :1080
Creating API v1 with WebPath: 
Creating API v2 with WebPath: 
Got message in APIv2 websocket channel
[APIv2] BROADCAST /api/v2/websocket
Got message in APIv1 event stream
Sending content: {
  "ID": "mOWrCgJ3oMv5L_V9IQTfC3eYui5-AgyPiuMZTAcWU0A=@mailhog.example",
  "From": {
    "Relays": null,
    "Mailbox": "nobody",
    "Domain": "ce828dcf4206",
    "Params": ""
  },
  "To": [
    {
      "Relays": null,
      "Mailbox": "mailhog",
      "Domain": "flywheel.local",
      "Params": ""
    }
  ],
  "Content": {
    "Headers": {
      "Content-Type": [
        "text/plain; charset=UTF-8"
      ],
      "Date": [
        "Sat, 15 Dec 2018 14:29:16 +0000"
      ],
      "From": [
        "WordPress \u003cwordpress@humescores.local\u003e"
      ],
      "MIME-Version": [
        "1.0"
      ],
      "Message-ID": [
        "\u003c690304c097992e428548be2a76e66a5f@humescores.local\u003e"
      ],
      "Received": [
        "from localhost by mailhog.example (MailHog)\r\n          id mOWrCgJ3oMv5L_V9IQTfC3eYui5-AgyPiuMZTAcWU0A=@mailhog.example; Sat, 15 Dec 2018 14:29:16 +0000"
      ],
      "Return-Path": [
        "\u003cnobody@ce828dcf4206\u003e"
      ],
      "Subject": [
        "New WordPress Site"
      ],
      "To": [
        "dev-email@flywheel.local"
      ],
      "X-Mailer": [
        "PHPMailer 5.2.22 (https://github.com/PHPMailer/PHPMailer)"
      ],
      "X-PHP-Originating-Script": [
        "0:class-phpmailer.php"
      ]
    },
    "Body": "Your new WordPress site has been successfully set up at:\r\n\r\nhttp://humescores.local\r\n\r\nYou can log in to the administrator account with the following information:\r\n\r\nUsername: guillaume\r\nPassword: The password you chose during installation.\r\nLog in here: http://humescores.local/wp-login.php\r\n\r\nWe hope you enjoy your new site. Thanks!\r\n\r\n--The WordPress Team\r\nhttps://wordpress.org/\r\n",
    "Size": 774,
    "MIME": null
  },
  "Created": "2018-12-15T14:29:16.626666383Z",
  "MIME": null,
  "Raw": {
    "From": "nobody@ce828dcf4206",
    "To": [
      "mailhog@flywheel.local"
    ],
    "Data": "To: dev-email@flywheel.local\r\nSubject: New WordPress Site\r\nX-PHP-Originating-Script: 0:class-phpmailer.php\r\nDate: Sat, 15 Dec 2018 14:29:16 +0000\r\nFrom: WordPress \u003cwordpress@humescores.local\u003e\r\nMessage-ID: \u003c690304c097992e428548be2a76e66a5f@humescores.local\u003e\r\nX-Mailer: PHPMailer 5.2.22 (https://github.com/PHPMailer/PHPMailer)\r\nMIME-Version: 1.0\r\nContent-Type: text/plain; charset=UTF-8\r\n\r\nYour new WordPress site has been successfully set up at:\r\n\r\nhttp://humescores.local\r\n\r\nYou can log in to the administrator account with the following information:\r\n\r\nUsername: guillaume\r\nPassword: The password you chose during installation.\r\nLog in here: http://humescores.local/wp-login.php\r\n\r\nWe hope you enjoy your new site. Thanks!\r\n\r\n--The WordPress Team\r\nhttps://wordpress.org/\r\n",
    "Helo": "localhost"
  }
}

[APIv1] BROADCAST /api/v1/events
[APIv1] KEEPALIVE /api/v1/events
[APIv1] KEEPALIVE /api/v1/events
[APIv1] KEEPALIVE /api/v1/events
[APIv1] KEEPALIVE /api/v1/events
[APIv1] KEEPALIVE /api/v1/events
[APIv1] KEEPALIVE /api/v1/events
[APIv1] KEEPALIVE /api/v1/events
[APIv1] KEEPALIVE /api/v1/events
[APIv1] KEEPALIVE /api/v1/events
[APIv1] KEEPALIVE /api/v1/events
[APIv1] KEEPALIVE /api/v1/events
[APIv1] KEEPALIVE /api/v1/events
[APIv1] KEEPALIVE /api/v1/events
[APIv1] KEEPALIVE /api/v1/events
[APIv1] KEEPALIVE /api/v1/events
[APIv1] KEEPALIVE /api/v1/events
[APIv1] KEEPALIVE /api/v1/events
[APIv1] KEEPALIVE /api/v1/events
[APIv1] KEEPALIVE /api/v1/events
[APIv1] KEEPALIVE /api/v1/events
[APIv1] KEEPALIVE /api/v1/events
[APIv1] KEEPALIVE /api/v1/events
[APIv1] KEEPALIVE /api/v1/events
[APIv1] KEEPALIVE /api/v1/events
[APIv1] KEEPALIVE /api/v1/events
[APIv1] KEEPALIVE /api/v1/events
[APIv1] KEEPALIVE /api/v1/events
[APIv1] KEEPALIVE /api/v1/events
[APIv1] KEEPALIVE /api/v1/events
[APIv1] KEEPALIVE /api/v1/events
[APIv1] KEEPALIVE /api/v1/events
[APIv1] KEEPALIVE /api/v1/events
[APIv1] KEEPALIVE /api/v1/events
[APIv1] KEEPALIVE /api/v1/events
[APIv1] KEEPALIVE /api/v1/events
[APIv1] KEEPALIVE /api/v1/events
[APIv1] KEEPALIVE /api/v1/events
[APIv1] KEEPALIVE /api/v1/events
[APIv1] KEEPALIVE /api/v1/events
[APIv1] KEEPALIVE /api/v1/events
[APIv1] KEEPALIVE /api/v1/events
[APIv1] KEEPALIVE /api/v1/events
[APIv1] KEEPALIVE /api/v1/events
[APIv1] KEEPALIVE /api/v1/events
[APIv1] KEEPALIVE /api/v1/events
[APIv1] KEEPALIVE /api/v1/events
[APIv1] KEEPALIVE /api/v1/events
[APIv1] KEEPALIVE /api/v1/events
[APIv1] KEEPALIVE /api/v1/events
[APIv1] KEEPALIVE /api/v1/events
[APIv1] KEEPALIVE /api/v1/events
[APIv1] KEEPALIVE /api/v1/events
[APIv1] KEEPALIVE /api/v1/events
[APIv1] KEEPALIVE /api/v1/events
[APIv1] KEEPALIVE /api/v1/events
[APIv1] KEEPALIVE /api/v1/events
